# JRE version: OpenJDK Runtime Environment (8.0_242-b01) (build 1.8.0_242-release-1644-b01)
# Java VM: OpenJDK 64-Bit Server VM (25.242-b01 mixed mode windows-amd64 compressed oops)
Heap:
 PSYoungGen      total 188416K, used 127109K [0x00000000d5580000, 0x00000000e3c00000, 0x0000000100000000)
  eden space 166912K, 63% used [0x00000000d5580000,0x00000000dbca23d0,0x00000000df880000)
  from space 21504K, 99% used [0x00000000e1580000,0x00000000e2a7f1a0,0x00000000e2a80000)
  to   space 29696K, 0% used [0x00000000df880000,0x00000000df880000,0x00000000e1580000)
 ParOldGen       total 79872K, used 47000K [0x0000000080000000, 0x0000000084e00000, 0x00000000d5580000)
  object space 79872K, 58% used [0x0000000080000000,0x0000000082de6070,0x0000000084e00000)
 Metaspace       used 85440K, capacity 88872K, committed 89000K, reserved 1126400K
  class space    used 11475K, capacity 12199K, committed 12208K, reserved 1048576K
GC Heap History (10 events):
Event: 25.241 GC heap before
{Heap before GC invocations=19 (full 2):
 PSYoungGen      total 146432K, used 61141K [0x00000000d5580000, 0x00000000dfd00000, 0x0000000100000000)
  eden space 135168K, 36% used [0x00000000d5580000,0x00000000d8638fd8,0x00000000dd980000)
  from space 11264K, 99% used [0x00000000de980000,0x00000000df47c550,0x00000000df480000)
  to   space 16384K, 0% used [0x00000000dd980000,0x00000000dd980000,0x00000000de980000)
 ParOldGen       total 48640K, used 31094K [0x0000000080000000, 0x0000000082f80000, 0x00000000d5580000)
  object space 48640K, 63% used [0x0000000080000000,0x0000000081e5d8e0,0x0000000082f80000)
 Metaspace       used 57060K, capacity 59072K, committed 59160K, reserved 1099776K
  class space    used 7834K, capacity 8285K, committed 8368K, reserved 1048576K
Event: 25.265 GC heap after
Heap after GC invocations=19 (full 2):
 PSYoungGen      total 151552K, used 4739K [0x00000000d5580000, 0x00000000e0f80000, 0x0000000100000000)
  eden space 135168K, 0% used [0x00000000d5580000,0x00000000d5580000,0x00000000dd980000)
  from space 16384K, 28% used [0x00000000dd980000,0x00000000dde20d08,0x00000000de980000)
  to   space 15872K, 0% used [0x00000000e0000000,0x00000000e0000000,0x00000000e0f80000)
 ParOldGen       total 48640K, used 38414K [0x0000000080000000, 0x0000000082f80000, 0x00000000d5580000)
  object space 48640K, 78% used [0x0000000080000000,0x0000000082583868,0x0000000082f80000)
 Metaspace       used 57060K, capacity 59072K, committed 59160K, reserved 1099776K
  class space    used 7834K, capacity 8285K, committed 8368K, reserved 1048576K
}
Event: 25.265 GC heap before
{Heap before GC invocations=20 (full 3):
 PSYoungGen      total 151552K, used 4739K [0x00000000d5580000, 0x00000000e0f80000, 0x0000000100000000)
  eden space 135168K, 0% used [0x00000000d5580000,0x00000000d5580000,0x00000000dd980000)
  from space 16384K, 28% used [0x00000000dd980000,0x00000000dde20d08,0x00000000de980000)
  to   space 15872K, 0% used [0x00000000e0000000,0x00000000e0000000,0x00000000e0f80000)
 ParOldGen       total 48640K, used 38414K [0x0000000080000000, 0x0000000082f80000, 0x00000000d5580000)
  object space 48640K, 78% used [0x0000000080000000,0x0000000082583868,0x0000000082f80000)
 Metaspace       used 57060K, capacity 59072K, committed 59160K, reserved 1099776K
  class space    used 7834K, capacity 8285K, committed 8368K, reserved 1048576K
Event: 25.603 GC heap after
Heap after GC invocations=20 (full 3):
 PSYoungGen      total 151552K, used 0K [0x00000000d5580000, 0x00000000e0f80000, 0x0000000100000000)
  eden space 135168K, 0% used [0x00000000d5580000,0x00000000d5580000,0x00000000dd980000)
  from space 16384K, 0% used [0x00000000dd980000,0x00000000dd980000,0x00000000de980000)
  to   space 15872K, 0% used [0x00000000e0000000,0x00000000e0000000,0x00000000e0f80000)
 ParOldGen       total 79872K, used 31171K [0x0000000080000000, 0x0000000084e00000, 0x00000000d5580000)
  object space 79872K, 39% used [0x0000000080000000,0x0000000081e70ef8,0x0000000084e00000)
 Metaspace       used 57050K, capacity 59042K, committed 59160K, reserved 1099776K
  class space    used 7831K, capacity 8280K, committed 8368K, reserved 1048576K
}
Event: 30.272 GC heap before
{Heap before GC invocations=21 (full 3):
 PSYoungGen      total 151552K, used 135168K [0x00000000d5580000, 0x00000000e0f80000, 0x0000000100000000)
  eden space 135168K, 100% used [0x00000000d5580000,0x00000000dd980000,0x00000000dd980000)
  from space 16384K, 0% used [0x00000000dd980000,0x00000000dd980000,0x00000000de980000)
  to   space 15872K, 0% used [0x00000000e0000000,0x00000000e0000000,0x00000000e0f80000)
 ParOldGen       total 79872K, used 31171K [0x0000000080000000, 0x0000000084e00000, 0x00000000d5580000)
  object space 79872K, 39% used [0x0000000080000000,0x0000000081e70ef8,0x0000000084e00000)
 Metaspace       used 61174K, capacity 63574K, committed 63784K, reserved 1103872K
  class space    used 8378K, capacity 8906K, committed 9008K, reserved 1048576K
Event: 30.296 GC heap after
Heap after GC invocations=21 (full 3):
 PSYoungGen      total 169472K, used 13393K [0x00000000d5580000, 0x00000000e0e80000, 0x0000000100000000)
  eden space 154624K, 0% used [0x00000000d5580000,0x00000000d5580000,0x00000000dec80000)
  from space 14848K, 90% used [0x00000000e0000000,0x00000000e0d14520,0x00000000e0e80000)
  to   space 17408K, 0% used [0x00000000dec80000,0x00000000dec80000,0x00000000dfd80000)
 ParOldGen       total 79872K, used 31179K [0x0000000080000000, 0x0000000084e00000, 0x00000000d5580000)
  object space 79872K, 39% used [0x0000000080000000,0x0000000081e72ef8,0x0000000084e00000)
 Metaspace       used 61174K, capacity 63574K, committed 63784K, reserved 1103872K
  class space    used 8378K, capacity 8906K, committed 9008K, reserved 1048576K
}
Event: 34.336 GC heap before
{Heap before GC invocations=22 (full 3):
 PSYoungGen      total 169472K, used 168017K [0x00000000d5580000, 0x00000000e0e80000, 0x0000000100000000)
  eden space 154624K, 100% used [0x00000000d5580000,0x00000000dec80000,0x00000000dec80000)
  from space 14848K, 90% used [0x00000000e0000000,0x00000000e0d14520,0x00000000e0e80000)
  to   space 17408K, 0% used [0x00000000dec80000,0x00000000dec80000,0x00000000dfd80000)
 ParOldGen       total 79872K, used 31179K [0x0000000080000000, 0x0000000084e00000, 0x00000000d5580000)
  object space 79872K, 39% used [0x0000000080000000,0x0000000081e72ef8,0x0000000084e00000)
 Metaspace       used 65623K, capacity 68202K, committed 68392K, reserved 1107968K
  class space    used 8931K, capacity 9486K, committed 9520K, reserved 1048576K
Event: 34.363 GC heap after
Heap after GC invocations=22 (full 3):
 PSYoungGen      total 172032K, used 17389K [0x00000000d5580000, 0x00000000e2a80000, 0x0000000100000000)
  eden space 154624K, 0% used [0x00000000d5580000,0x00000000d5580000,0x00000000dec80000)
  from space 17408K, 99% used [0x00000000dec80000,0x00000000dfd7b708,0x00000000dfd80000)
  to   space 21504K, 0% used [0x00000000e1580000,0x00000000e1580000,0x00000000e2a80000)
 ParOldGen       total 79872K, used 34593K [0x0000000080000000, 0x0000000084e00000, 0x00000000d5580000)
  object space 79872K, 43% used [0x0000000080000000,0x00000000821c84d0,0x0000000084e00000)
 Metaspace       used 65623K, capacity 68202K, committed 68392K, reserved 1107968K
  class space    used 8931K, capacity 9486K, committed 9520K, reserved 1048576K
}
Event: 55.163 GC heap before
{Heap before GC invocations=23 (full 3):
 PSYoungGen      total 172032K, used 172013K [0x00000000d5580000, 0x00000000e2a80000, 0x0000000100000000)
  eden space 154624K, 100% used [0x00000000d5580000,0x00000000dec80000,0x00000000dec80000)
  from space 17408K, 99% used [0x00000000dec80000,0x00000000dfd7b708,0x00000000dfd80000)
  to   space 21504K, 0% used [0x00000000e1580000,0x00000000e1580000,0x00000000e2a80000)
 ParOldGen       total 79872K, used 34593K [0x0000000080000000, 0x0000000084e00000, 0x00000000d5580000)
  object space 79872K, 43% used [0x0000000080000000,0x00000000821c84d0,0x0000000084e00000)
 Metaspace       used 73187K, capacity 76186K, committed 76328K, reserved 1116160K
  class space    used 9829K, capacity 10482K, committed 10544K, reserved 1048576K
Event: 55.560 GC heap after
Heap after GC invocations=23 (full 3):
 PSYoungGen      total 188416K, used 21500K [0x00000000d5580000, 0x00000000e3c00000, 0x0000000100000000)
  eden space 166912K, 0% used [0x00000000d5580000,0x00000000d5580000,0x00000000df880000)
  from space 21504K, 99% used [0x00000000e1580000,0x00000000e2a7f1a0,0x00000000e2a80000)
  to   space 29696K, 0% used [0x00000000df880000,0x00000000df880000,0x00000000e1580000)
 ParOldGen       total 79872K, used 47000K [0x0000000080000000, 0x0000000084e00000, 0x00000000d5580000)
  object space 79872K, 58% used [0x0000000080000000,0x0000000082de6070,0x0000000084e00000)
 Metaspace       used 73187K, capacity 76186K, committed 76328K, reserved 1116160K
  class space    used 9829K, capacity 10482K, committed 10544K, reserved 1048576K
}

