# JRE version: OpenJDK Runtime Environment (8.0_242-b01) (build 1.8.0_242-release-1644-b01)
# Java VM: OpenJDK 64-Bit Server VM (25.242-b01 mixed mode windows-amd64 compressed oops)
Heap:
 PSYoungGen      total 304128K, used 53168K [0x00000000d5580000, 0x00000000eda00000, 0x0000000100000000)
  eden space 260608K, 13% used [0x00000000d5580000,0x00000000d76a68d8,0x00000000e5400000)
  from space 43520K, 44% used [0x00000000e5400000,0x00000000e66c5808,0x00000000e7e80000)
  to   space 41984K, 0% used [0x00000000eb100000,0x00000000eb100000,0x00000000eda00000)
 ParOldGen       total 124928K, used 94378K [0x0000000080000000, 0x0000000087a00000, 0x00000000d5580000)
  object space 124928K, 75% used [0x0000000080000000,0x0000000085c2a9a8,0x0000000087a00000)
 Metaspace       used 92617K, capacity 97072K, committed 97200K, reserved 1134592K
  class space    used 12126K, capacity 12961K, committed 12976K, reserved 1048576K
GC Heap History (10 events):
Event: 84.870 GC heap before
{Heap before GC invocations=25 (full 4):
 PSYoungGen      total 202240K, used 176640K [0x00000000d5580000, 0x00000000e3400000, 0x0000000100000000)
  eden space 176640K, 100% used [0x00000000d5580000,0x00000000e0200000,0x00000000e0200000)
  from space 25600K, 0% used [0x00000000e1a00000,0x00000000e1a00000,0x00000000e3300000)
  to   space 24576K, 0% used [0x00000000e0200000,0x00000000e0200000,0x00000000e1a00000)
 ParOldGen       total 124928K, used 49967K [0x0000000080000000, 0x0000000087a00000, 0x00000000d5580000)
  object space 124928K, 39% used [0x0000000080000000,0x00000000830cbc20,0x0000000087a00000)
 Metaspace       used 74184K, capacity 77198K, committed 77360K, reserved 1116160K
  class space    used 9949K, capacity 10534K, committed 10544K, reserved 1048576K
Event: 85.443 GC heap after
Heap after GC invocations=25 (full 4):
 PSYoungGen      total 201216K, used 11751K [0x00000000d5580000, 0x00000000e4c00000, 0x0000000100000000)
  eden space 176640K, 0% used [0x00000000d5580000,0x00000000d5580000,0x00000000e0200000)
  from space 24576K, 47% used [0x00000000e0200000,0x00000000e0d79fa0,0x00000000e1a00000)
  to   space 24064K, 0% used [0x00000000e3480000,0x00000000e3480000,0x00000000e4c00000)
 ParOldGen       total 124928K, used 49975K [0x0000000080000000, 0x0000000087a00000, 0x00000000d5580000)
  object space 124928K, 40% used [0x0000000080000000,0x00000000830cdc20,0x0000000087a00000)
 Metaspace       used 74184K, capacity 77198K, committed 77360K, reserved 1116160K
  class space    used 9949K, capacity 10534K, committed 10544K, reserved 1048576K
}
Event: 111.602 GC heap before
{Heap before GC invocations=26 (full 4):
 PSYoungGen      total 201216K, used 188391K [0x00000000d5580000, 0x00000000e4c00000, 0x0000000100000000)
  eden space 176640K, 100% used [0x00000000d5580000,0x00000000e0200000,0x00000000e0200000)
  from space 24576K, 47% used [0x00000000e0200000,0x00000000e0d79fa0,0x00000000e1a00000)
  to   space 24064K, 0% used [0x00000000e3480000,0x00000000e3480000,0x00000000e4c00000)
 ParOldGen       total 124928K, used 49975K [0x0000000080000000, 0x0000000087a00000, 0x00000000d5580000)
  object space 124928K, 40% used [0x0000000080000000,0x00000000830cdc20,0x0000000087a00000)
 Metaspace       used 83891K, capacity 87822K, committed 87984K, reserved 1126400K
  class space    used 11182K, capacity 11946K, committed 11952K, reserved 1048576K
Event: 111.900 GC heap after
Heap after GC invocations=26 (full 4):
 PSYoungGen      total 226304K, used 19466K [0x00000000d5580000, 0x00000000e4f80000, 0x0000000100000000)
  eden space 202240K, 0% used [0x00000000d5580000,0x00000000d5580000,0x00000000e1b00000)
  from space 24064K, 80% used [0x00000000e3480000,0x00000000e4782b00,0x00000000e4c00000)
  to   space 26112K, 0% used [0x00000000e1b00000,0x00000000e1b00000,0x00000000e3480000)
 ParOldGen       total 124928K, used 49991K [0x0000000080000000, 0x0000000087a00000, 0x00000000d5580000)
  object space 124928K, 40% used [0x0000000080000000,0x00000000830d1c20,0x0000000087a00000)
 Metaspace       used 83891K, capacity 87822K, committed 87984K, reserved 1126400K
  class space    used 11182K, capacity 11946K, committed 11952K, reserved 1048576K
}
Event: 122.096 GC heap before
{Heap before GC invocations=27 (full 4):
 PSYoungGen      total 226304K, used 221706K [0x00000000d5580000, 0x00000000e4f80000, 0x0000000100000000)
  eden space 202240K, 100% used [0x00000000d5580000,0x00000000e1b00000,0x00000000e1b00000)
  from space 24064K, 80% used [0x00000000e3480000,0x00000000e4782b00,0x00000000e4c00000)
  to   space 26112K, 0% used [0x00000000e1b00000,0x00000000e1b00000,0x00000000e3480000)
 ParOldGen       total 124928K, used 49991K [0x0000000080000000, 0x0000000087a00000, 0x00000000d5580000)
  object space 124928K, 40% used [0x0000000080000000,0x00000000830d1c20,0x0000000087a00000)
 Metaspace       used 84834K, capacity 88866K, committed 89008K, reserved 1126400K
  class space    used 11333K, capacity 12126K, committed 12208K, reserved 1048576K
Event: 125.693 GC heap after
Heap after GC invocations=27 (full 4):
 PSYoungGen      total 228352K, used 26111K [0x00000000d5580000, 0x00000000ea880000, 0x0000000100000000)
  eden space 202240K, 0% used [0x00000000d5580000,0x00000000d5580000,0x00000000e1b00000)
  from space 26112K, 99% used [0x00000000e1b00000,0x00000000e347fe60,0x00000000e3480000)
  to   space 40960K, 0% used [0x00000000e8080000,0x00000000e8080000,0x00000000ea880000)
 ParOldGen       total 124928K, used 78937K [0x0000000080000000, 0x0000000087a00000, 0x00000000d5580000)
  object space 124928K, 63% used [0x0000000080000000,0x0000000084d167d8,0x0000000087a00000)
 Metaspace       used 84834K, capacity 88866K, committed 89008K, reserved 1126400K
  class space    used 11333K, capacity 12126K, committed 12208K, reserved 1048576K
}
Event: 883.942 GC heap before
{Heap before GC invocations=28 (full 4):
 PSYoungGen      total 228352K, used 228351K [0x00000000d5580000, 0x00000000ea880000, 0x0000000100000000)
  eden space 202240K, 100% used [0x00000000d5580000,0x00000000e1b00000,0x00000000e1b00000)
  from space 26112K, 99% used [0x00000000e1b00000,0x00000000e347fe60,0x00000000e3480000)
  to   space 40960K, 0% used [0x00000000e8080000,0x00000000e8080000,0x00000000ea880000)
 ParOldGen       total 124928K, used 78937K [0x0000000080000000, 0x0000000087a00000, 0x00000000d5580000)
  object space 124928K, 63% used [0x0000000080000000,0x0000000084d167d8,0x0000000087a00000)
 Metaspace       used 92003K, capacity 96454K, committed 96688K, reserved 1132544K
  class space    used 12117K, capacity 12956K, committed 12976K, reserved 1048576K
Event: 885.514 GC heap after
Heap after GC invocations=28 (full 4):
 PSYoungGen      total 301568K, used 29332K [0x00000000d5580000, 0x00000000ea900000, 0x0000000100000000)
  eden space 260608K, 0% used [0x00000000d5580000,0x00000000d5580000,0x00000000e5400000)
  from space 40960K, 71% used [0x00000000e8080000,0x00000000e9d25398,0x00000000ea880000)
  to   space 43520K, 0% used [0x00000000e5400000,0x00000000e5400000,0x00000000e7e80000)
 ParOldGen       total 124928K, used 83231K [0x0000000080000000, 0x0000000087a00000, 0x00000000d5580000)
  object space 124928K, 66% used [0x0000000080000000,0x0000000085147f30,0x0000000087a00000)
 Metaspace       used 92003K, capacity 96454K, committed 96688K, reserved 1132544K
  class space    used 12117K, capacity 12956K, committed 12976K, reserved 1048576K
}
Event: 901.177 GC heap before
{Heap before GC invocations=29 (full 4):
 PSYoungGen      total 301568K, used 289940K [0x00000000d5580000, 0x00000000ea900000, 0x0000000100000000)
  eden space 260608K, 100% used [0x00000000d5580000,0x00000000e5400000,0x00000000e5400000)
  from space 40960K, 71% used [0x00000000e8080000,0x00000000e9d25398,0x00000000ea880000)
  to   space 43520K, 0% used [0x00000000e5400000,0x00000000e5400000,0x00000000e7e80000)
 ParOldGen       total 124928K, used 83231K [0x0000000080000000, 0x0000000087a00000, 0x00000000d5580000)
  object space 124928K, 66% used [0x0000000080000000,0x0000000085147f30,0x0000000087a00000)
 Metaspace       used 92607K, capacity 97008K, committed 97200K, reserved 1134592K
  class space    used 12126K, capacity 12961K, committed 12976K, reserved 1048576K
Event: 901.406 GC heap after
Heap after GC invocations=29 (full 4):
 PSYoungGen      total 304128K, used 19222K [0x00000000d5580000, 0x00000000eda00000, 0x0000000100000000)
  eden space 260608K, 0% used [0x00000000d5580000,0x00000000d5580000,0x00000000e5400000)
  from space 43520K, 44% used [0x00000000e5400000,0x00000000e66c5808,0x00000000e7e80000)
  to   space 41984K, 0% used [0x00000000eb100000,0x00000000eb100000,0x00000000eda00000)
 ParOldGen       total 124928K, used 94378K [0x0000000080000000, 0x0000000087a00000, 0x00000000d5580000)
  object space 124928K, 75% used [0x0000000080000000,0x0000000085c2a9a8,0x0000000087a00000)
 Metaspace       used 92607K, capacity 97008K, committed 97200K, reserved 1134592K
  class space    used 12126K, capacity 12961K, committed 12976K, reserved 1048576K
}

