# JRE version: OpenJDK Runtime Environment (8.0_242-b01) (build 1.8.0_242-release-1644-b01)
# Java VM: OpenJDK 64-Bit Server VM (25.242-b01 mixed mode windows-amd64 compressed oops)
Heap:
 PSYoungGen      total 599040K, used 123116K [0x00000000d5580000, 0x00000000ff300000, 0x0000000100000000)
  eden space 524800K, 16% used [0x00000000d5580000,0x00000000daaa5c28,0x00000000f5600000)
  from space 74240K, 48% used [0x00000000faa80000,0x00000000fcd95730,0x00000000ff300000)
  to   space 80384K, 0% used [0x00000000f5600000,0x00000000f5600000,0x00000000fa480000)
 ParOldGen       total 220160K, used 110053K [0x0000000080000000, 0x000000008d700000, 0x00000000d5580000)
  object space 220160K, 49% used [0x0000000080000000,0x0000000086b795d8,0x000000008d700000)
 Metaspace       used 191175K, capacity 199866K, committed 200216K, reserved 1222656K
  class space    used 24185K, capacity 25924K, committed 26152K, reserved 1048576K
GC Heap History (10 events):
Event: 6239.913 GC heap before
{Heap before GC invocations=50 (full 6):
 PSYoungGen      total 577024K, used 53240K [0x00000000d5580000, 0x0000000100000000, 0x0000000100000000)
  eden space 523776K, 0% used [0x00000000d5580000,0x00000000d5580000,0x00000000f5500000)
  from space 53248K, 99% used [0x00000000fcc00000,0x00000000ffffe298,0x0000000100000000)
  to   space 87552K, 0% used [0x00000000f5500000,0x00000000f5500000,0x00000000faa80000)
 ParOldGen       total 193536K, used 185525K [0x0000000080000000, 0x000000008bd00000, 0x00000000d5580000)
  object space 193536K, 95% used [0x0000000080000000,0x000000008b52d6f0,0x000000008bd00000)
 Metaspace       used 154190K, capacity 161700K, committed 162072K, reserved 1189888K
  class space    used 19447K, capacity 20943K, committed 21032K, reserved 1048576K
Event: 6242.991 GC heap after
Heap after GC invocations=50 (full 6):
 PSYoungGen      total 577024K, used 0K [0x00000000d5580000, 0x0000000100000000, 0x0000000100000000)
  eden space 523776K, 0% used [0x00000000d5580000,0x00000000d5580000,0x00000000f5500000)
  from space 53248K, 0% used [0x00000000fcc00000,0x00000000fcc00000,0x0000000100000000)
  to   space 87552K, 0% used [0x00000000f5500000,0x00000000f5500000,0x00000000faa80000)
 ParOldGen       total 220160K, used 110021K [0x0000000080000000, 0x000000008d700000, 0x00000000d5580000)
  object space 220160K, 49% used [0x0000000080000000,0x0000000086b715d8,0x000000008d700000)
 Metaspace       used 144141K, capacity 150438K, committed 162072K, reserved 1189888K
  class space    used 18174K, capacity 19384K, committed 21032K, reserved 1048576K
}
Event: 6290.406 GC heap before
{Heap before GC invocations=51 (full 6):
 PSYoungGen      total 577024K, used 523776K [0x00000000d5580000, 0x0000000100000000, 0x0000000100000000)
  eden space 523776K, 100% used [0x00000000d5580000,0x00000000f5500000,0x00000000f5500000)
  from space 53248K, 0% used [0x00000000fcc00000,0x00000000fcc00000,0x0000000100000000)
  to   space 87552K, 0% used [0x00000000f5500000,0x00000000f5500000,0x00000000faa80000)
 ParOldGen       total 220160K, used 110021K [0x0000000080000000, 0x000000008d700000, 0x00000000d5580000)
  object space 220160K, 49% used [0x0000000080000000,0x0000000086b715d8,0x000000008d700000)
 Metaspace       used 156960K, capacity 163888K, committed 165272K, reserved 1193984K
  class space    used 19816K, capacity 21189K, committed 21416K, reserved 1048576K
Event: 6290.603 GC heap after
Heap after GC invocations=51 (full 6):
 PSYoungGen      total 611328K, used 29682K [0x00000000d5580000, 0x0000000100000000, 0x0000000100000000)
  eden space 523776K, 0% used [0x00000000d5580000,0x00000000d5580000,0x00000000f5500000)
  from space 87552K, 33% used [0x00000000f5500000,0x00000000f71fc800,0x00000000faa80000)
  to   space 83456K, 0% used [0x00000000fae80000,0x00000000fae80000,0x0000000100000000)
 ParOldGen       total 220160K, used 110029K [0x0000000080000000, 0x000000008d700000, 0x00000000d5580000)
  object space 220160K, 49% used [0x0000000080000000,0x0000000086b735d8,0x000000008d700000)
 Metaspace       used 156960K, capacity 163888K, committed 165272K, reserved 1193984K
  class space    used 19816K, capacity 21189K, committed 21416K, reserved 1048576K
}
Event: 6997.187 GC heap before
{Heap before GC invocations=52 (full 6):
 PSYoungGen      total 611328K, used 553458K [0x00000000d5580000, 0x0000000100000000, 0x0000000100000000)
  eden space 523776K, 100% used [0x00000000d5580000,0x00000000f5500000,0x00000000f5500000)
  from space 87552K, 33% used [0x00000000f5500000,0x00000000f71fc800,0x00000000faa80000)
  to   space 83456K, 0% used [0x00000000fae80000,0x00000000fae80000,0x0000000100000000)
 ParOldGen       total 220160K, used 110029K [0x0000000080000000, 0x000000008d700000, 0x00000000d5580000)
  object space 220160K, 49% used [0x0000000080000000,0x0000000086b735d8,0x000000008d700000)
 Metaspace       used 170089K, capacity 177698K, committed 178328K, reserved 1204224K
  class space    used 21514K, capacity 23006K, committed 23208K, reserved 1048576K
Event: 6997.856 GC heap after
Heap after GC invocations=52 (full 6):
 PSYoungGen      total 604160K, used 63247K [0x00000000d5580000, 0x0000000100000000, 0x0000000100000000)
  eden space 520704K, 0% used [0x00000000d5580000,0x00000000d5580000,0x00000000f5200000)
  from space 83456K, 75% used [0x00000000fae80000,0x00000000fec43d88,0x0000000100000000)
  to   space 89088K, 0% used [0x00000000f5200000,0x00000000f5200000,0x00000000fa900000)
 ParOldGen       total 220160K, used 110037K [0x0000000080000000, 0x000000008d700000, 0x00000000d5580000)
  object space 220160K, 49% used [0x0000000080000000,0x0000000086b755d8,0x000000008d700000)
 Metaspace       used 170089K, capacity 177698K, committed 178328K, reserved 1204224K
  class space    used 21514K, capacity 23006K, committed 23208K, reserved 1048576K
}
Event: 7370.198 GC heap before
{Heap before GC invocations=53 (full 6):
 PSYoungGen      total 604160K, used 583951K [0x00000000d5580000, 0x0000000100000000, 0x0000000100000000)
  eden space 520704K, 100% used [0x00000000d5580000,0x00000000f5200000,0x00000000f5200000)
  from space 83456K, 75% used [0x00000000fae80000,0x00000000fec43d88,0x0000000100000000)
  to   space 89088K, 0% used [0x00000000f5200000,0x00000000f5200000,0x00000000fa900000)
 ParOldGen       total 220160K, used 110037K [0x0000000080000000, 0x000000008d700000, 0x00000000d5580000)
  object space 220160K, 49% used [0x0000000080000000,0x0000000086b755d8,0x000000008d700000)
 Metaspace       used 174953K, capacity 182740K, committed 183576K, reserved 1208320K
  class space    used 22068K, capacity 23633K, committed 23848K, reserved 1048576K
Event: 7370.764 GC heap after
Heap after GC invocations=53 (full 6):
 PSYoungGen      total 609792K, used 31859K [0x00000000d5580000, 0x00000000ffd80000, 0x0000000100000000)
  eden space 520704K, 0% used [0x00000000d5580000,0x00000000d5580000,0x00000000f5200000)
  from space 89088K, 35% used [0x00000000f5200000,0x00000000f711ce30,0x00000000fa900000)
  to   space 84992K, 0% used [0x00000000faa80000,0x00000000faa80000,0x00000000ffd80000)
 ParOldGen       total 220160K, used 110045K [0x0000000080000000, 0x000000008d700000, 0x00000000d5580000)
  object space 220160K, 49% used [0x0000000080000000,0x0000000086b775d8,0x000000008d700000)
 Metaspace       used 174953K, capacity 182740K, committed 183576K, reserved 1208320K
  class space    used 22068K, capacity 23633K, committed 23848K, reserved 1048576K
}
Event: 8360.627 GC heap before
{Heap before GC invocations=54 (full 6):
 PSYoungGen      total 609792K, used 552563K [0x00000000d5580000, 0x00000000ffd80000, 0x0000000100000000)
  eden space 520704K, 100% used [0x00000000d5580000,0x00000000f5200000,0x00000000f5200000)
  from space 89088K, 35% used [0x00000000f5200000,0x00000000f711ce30,0x00000000fa900000)
  to   space 84992K, 0% used [0x00000000faa80000,0x00000000faa80000,0x00000000ffd80000)
 ParOldGen       total 220160K, used 110045K [0x0000000080000000, 0x000000008d700000, 0x00000000d5580000)
  object space 220160K, 49% used [0x0000000080000000,0x0000000086b775d8,0x000000008d700000)
 Metaspace       used 191070K, capacity 199556K, committed 199832K, reserved 1222656K
  class space    used 24163K, capacity 25883K, committed 26024K, reserved 1048576K
Event: 8361.882 GC heap after
Heap after GC invocations=54 (full 6):
 PSYoungGen      total 599040K, used 35925K [0x00000000d5580000, 0x00000000ff300000, 0x0000000100000000)
  eden space 524800K, 0% used [0x00000000d5580000,0x00000000d5580000,0x00000000f5600000)
  from space 74240K, 48% used [0x00000000faa80000,0x00000000fcd95730,0x00000000ff300000)
  to   space 80384K, 0% used [0x00000000f5600000,0x00000000f5600000,0x00000000fa480000)
 ParOldGen       total 220160K, used 110053K [0x0000000080000000, 0x000000008d700000, 0x00000000d5580000)
  object space 220160K, 49% used [0x0000000080000000,0x0000000086b795d8,0x000000008d700000)
 Metaspace       used 191070K, capacity 199556K, committed 199832K, reserved 1222656K
  class space    used 24163K, capacity 25883K, committed 26024K, reserved 1048576K
}

